2020-07-23 15:43:07.627  INFO 1676 --- [main] o.d.b.MdBlockchainManagerApplication     : Starting MdBlockchainManagerApplication on DESKTOP-V7Q04R2 with PID 1676 (D:\workspace\md_blockchain_manager\target\classes started by zhaobo in D:\workspace\md_blockchain_manager)
2020-07-23 15:43:07.633  INFO 1676 --- [main] o.d.b.MdBlockchainManagerApplication     : The following profiles are active: dev
2020-07-23 15:43:08.416  INFO 1676 --- [main] .s.d.r.c.RepositoryConfigurationDelegate : Bootstrapping Spring Data JPA repositories in DEFAULT mode.
2020-07-23 15:43:08.485  INFO 1676 --- [main] .s.d.r.c.RepositoryConfigurationDelegate : Finished Spring Data repository scanning in 60ms. Found 3 JPA repository interfaces.
2020-07-23 15:43:09.062  INFO 1676 --- [main] o.s.b.w.embedded.tomcat.TomcatWebServer  : Tomcat initialized with port(s): 8181 (http)
2020-07-23 15:43:09.074  INFO 1676 --- [main] o.apache.catalina.core.StandardService   : Starting service [Tomcat]
2020-07-23 15:43:09.074  INFO 1676 --- [main] org.apache.catalina.core.StandardEngine  : Starting Servlet engine: [Apache Tomcat/9.0.33]
2020-07-23 15:43:09.186  INFO 1676 --- [main] o.a.c.c.C.[Tomcat].[localhost].[/]       : Initializing Spring embedded WebApplicationContext
2020-07-23 15:43:09.186  INFO 1676 --- [main] o.s.web.context.ContextLoader            : Root WebApplicationContext: initialization completed in 1483 ms
2020-07-23 15:43:09.351  INFO 1676 --- [main] o.hibernate.jpa.internal.util.LogHelper  : HHH000204: Processing PersistenceUnitInfo [name: default]
2020-07-23 15:43:09.420  INFO 1676 --- [main] org.hibernate.Version                    : HHH000412: Hibernate ORM core version 5.4.12.Final
2020-07-23 15:43:09.529  INFO 1676 --- [main] o.hibernate.annotations.common.Version   : HCANN000001: Hibernate Commons Annotations {5.1.0.Final}
2020-07-23 15:43:09.702  INFO 1676 --- [main] com.zaxxer.hikari.HikariDataSource       : HikariPool-1 - Starting...
2020-07-23 15:43:09.851  INFO 1676 --- [main] com.zaxxer.hikari.HikariDataSource       : HikariPool-1 - Start completed.
2020-07-23 15:43:09.863  INFO 1676 --- [main] org.hibernate.dialect.Dialect            : HHH000400: Using dialect: org.hibernate.dialect.MySQL5InnoDBDialect
2020-07-23 15:43:10.469  INFO 1676 --- [main] o.h.e.t.j.p.i.JtaPlatformInitiator       : HHH000490: Using JtaPlatform implementation: [org.hibernate.engine.transaction.jta.platform.internal.NoJtaPlatform]
2020-07-23 15:43:10.476  INFO 1676 --- [main] j.LocalContainerEntityManagerFactoryBean : Initialized JPA EntityManagerFactory for persistence unit 'default'
2020-07-23 15:43:10.886  WARN 1676 --- [main] JpaBaseConfiguration$JpaWebConfiguration : spring.jpa.open-in-view is enabled by default. Therefore, database queries may be performed during view rendering. Explicitly configure spring.jpa.open-in-view to disable this warning
2020-07-23 15:43:11.018  INFO 1676 --- [main] o.s.s.concurrent.ThreadPoolTaskExecutor  : Initializing ExecutorService 'applicationTaskExecutor'
2020-07-23 15:43:11.263  INFO 1676 --- [main] o.s.b.w.embedded.tomcat.TomcatWebServer  : Tomcat started on port(s): 8181 (http) with context path ''
2020-07-23 15:43:11.265  INFO 1676 --- [main] o.d.b.MdBlockchainManagerApplication     : Started MdBlockchainManagerApplication in 4.448 seconds (JVM running for 5.539)
2020-07-23 15:43:27.153  INFO 1676 --- [http-nio-8181-exec-1] o.a.c.c.C.[Tomcat].[localhost].[/]       : Initializing Spring DispatcherServlet 'dispatcherServlet'
2020-07-23 15:43:27.153  INFO 1676 --- [http-nio-8181-exec-1] o.s.web.servlet.DispatcherServlet        : Initializing Servlet 'dispatcherServlet'
2020-07-23 15:43:27.159  INFO 1676 --- [http-nio-8181-exec-1] o.s.web.servlet.DispatcherServlet        : Completed initialization in 6 ms
